<?xml version="1.0" encoding="UTF-8"?>
<!-- Generated by org.testng.reporters.JUnitReportReporter -->
<testsuite hostname="cdc2-l-433dqcf" failures="1" tests="4" name="CucumberOptions.TestNGTestRunner" time="348.646" errors="0" timestamp="2024-11-24T13:19:12 IST" skipped="0">
  <testcase classname="CucumberOptions.TestNGTestRunner" name="runScenario" time="88.248"/>
  <testcase classname="CucumberOptions.TestNGTestRunner" name="runScenario" time="85.757"/>
  <testcase classname="CucumberOptions.TestNGTestRunner" name="runScenario" time="88.153">
    <failure message="expected [Brocolli] but found [No data]" type="java.lang.AssertionError">
      <![CDATA[java.lang.AssertionError: expected [Brocolli] but found [No data]
at org.testng.Assert.fail(Assert.java:111)
at org.testng.Assert.failNotEquals(Assert.java:1578)
at org.testng.Assert.assertEqualsImpl(Assert.java:150)
at org.testng.Assert.assertEquals(Assert.java:132)
at org.testng.Assert.assertEquals(Assert.java:656)
at org.testng.Assert.assertEquals(Assert.java:666)
at StepDefinitions.OfferPageStepDefinition.validate_product_name_in_offer_page_matches_with_home_page(OfferPageStepDefinition.java:38)
at âœ½.Validate product name in offer page matches with home page.(file:///C:/Users/sibin.valluparambath/eclipse-workspace2/CucumberFramework_GHA/src/test/java/Features/SearchProductwithCSV.feature:9)
]]>
    </failure>
  </testcase> <!-- runScenario -->
  <testcase classname="CucumberOptions.TestNGTestRunner" name="runScenario" time="86.488"/>
</testsuite> <!-- CucumberOptions.TestNGTestRunner -->
